<?xml version="1.0" encoding="UTF-8"?>
<!-- Generated by org.testng.reporters.JUnitReportReporter -->
<testsuite hostname="LAPTOP-871LKGL0" failures="0" tests="2" name="StepDeifnition.AutomationStepDef" time="33.216" errors="0" timestamp="2025-05-30T15:29:42 IST" skipped="0">
  <testcase classname="StepDeifnition.AutomationStepDef" name="isPageDisplayed" time="5.181"/>
  <testcase classname="StepDeifnition.AutomationStepDef" name="loginFields" time="28.035"/>
</testsuite> <!-- StepDeifnition.AutomationStepDef -->
